[06.10.2010 - 9:02:18]:[QUERY: DATABASE-OBJECT CREATED] [RESULT:OK]
[06.10.2010 - 9:02:18]:[QUERY: DATABASE CONNECTED] [RESULT:OK]
[06.10.2010 - 9:02:18]:[QUERY: DATABASE CLOSED] [RESULT:NULL]
[06.10.2010 - 9:02:18]:[QUERY: DATABASE-OBJECT CREATED] [RESULT:OK]
[06.10.2010 - 9:02:18]:[QUERY: DATABASE CONNECTED] [RESULT:OK]
[06.10.2010 - 9:02:18]:[QUERY: DATABASE CLOSED] [RESULT:NULL]
[06.10.2010 - 9:02:18]:[QUERY: DATABASE-OBJECT CREATED] [RESULT:OK]
[06.10.2010 - 9:02:18]:[QUERY: DATABASE CONNECTED] [RESULT:OK]
[06.10.2010 - 9:02:18]:[QUERY: SELECT * FROM `share`] [RESULT:OK]
[06.10.2010 - 9:02:18]:[QUERY: DATABASE CLOSED] [RESULT:NULL]
[06.10.2010 - 9:02:26]:[QUERY: DATABASE-OBJECT CREATED] [RESULT:OK]
[06.10.2010 - 9:02:26]:[QUERY: DATABASE CONNECTED] [RESULT:OK]
[06.10.2010 - 9:02:26]:[QUERY: SELECT customerID,sexID,forename,name,company FROM customer WHERE username = 'Sissi' AND password = '4f260f160c2b049380d217d0035e5b16' AND activeID = '1'] [RESULT:OK]
[06.10.2010 - 9:02:26]:[QUERY: DATABASE CLOSED] [RESULT:NULL]
[06.10.2010 - 9:02:26]:[QUERY: DATABASE-OBJECT CREATED] [RESULT:OK]
[06.10.2010 - 9:02:26]:[QUERY: DATABASE CONNECTED] [RESULT:OK]
[06.10.2010 - 9:02:26]:[QUERY: DATABASE CLOSED] [RESULT:NULL]
[06.10.2010 - 9:02:26]:[QUERY: DATABASE-OBJECT CREATED] [RESULT:OK]
[06.10.2010 - 9:02:26]:[QUERY: DATABASE CONNECTED] [RESULT:OK]
[06.10.2010 - 9:02:26]:[QUERY: SELECT depotID FROM depot WHERE customerID = '5'] [RESULT:OK]
[06.10.2010 - 9:02:26]:[QUERY: DATABASE CLOSED] [RESULT:NULL]
[06.10.2010 - 9:02:26]:[QUERY: DATABASE-OBJECT CREATED] [RESULT:OK]
[06.10.2010 - 9:02:26]:[QUERY: DATABASE CONNECTED] [RESULT:OK]
[06.10.2010 - 9:02:26]:[QUERY: SELECT * FROM `share`] [RESULT:OK]
[06.10.2010 - 9:02:26]:[QUERY: DATABASE CLOSED] [RESULT:NULL]
[06.10.2010 - 9:02:28]:[QUERY: DATABASE-OBJECT CREATED] [RESULT:OK]
[06.10.2010 - 9:02:28]:[QUERY: DATABASE CONNECTED] [RESULT:OK]
[06.10.2010 - 9:02:28]:[QUERY: DATABASE CLOSED] [RESULT:NULL]
[06.10.2010 - 9:02:28]:[QUERY: DATABASE-OBJECT CREATED] [RESULT:OK]
[06.10.2010 - 9:02:28]:[QUERY: DATABASE CONNECTED] [RESULT:OK]
[06.10.2010 - 9:02:28]:[QUERY: SELECT depotID FROM depot WHERE customerID = '5'] [RESULT:OK]
[06.10.2010 - 9:02:28]:[QUERY: DATABASE CLOSED] [RESULT:NULL]
[06.10.2010 - 9:02:28]:[QUERY: DATABASE-OBJECT CREATED] [RESULT:OK]
[06.10.2010 - 9:02:28]:[QUERY: DATABASE CONNECTED] [RESULT:OK]
[06.10.2010 - 9:02:28]:[QUERY: SELECT depotID FROM depot WHERE customerID = '5'] [RESULT:OK]
[06.10.2010 - 9:02:28]:[QUERY: SELECT * FROM `share`] [RESULT:OK]
[06.10.2010 - 9:02:28]:[QUERY: SELECT * FROM `share`] [RESULT:OK]
[06.10.2010 - 9:02:28]:[QUERY: DATABASE CLOSED] [RESULT:NULL]
[06.10.2010 - 9:02:29]:[QUERY: DATABASE-OBJECT CREATED] [RESULT:OK]
[06.10.2010 - 9:02:29]:[QUERY: DATABASE CONNECTED] [RESULT:OK]
[06.10.2010 - 9:02:29]:[QUERY: DATABASE CLOSED] [RESULT:NULL]
[06.10.2010 - 9:02:30]:[QUERY: DATABASE-OBJECT CREATED] [RESULT:OK]
[06.10.2010 - 9:02:30]:[QUERY: DATABASE CONNECTED] [RESULT:OK]
[06.10.2010 - 9:02:30]:[QUERY: SELECT depotID FROM depot WHERE customerID = '5'] [RESULT:OK]
[06.10.2010 - 9:02:30]:[QUERY: DATABASE CLOSED] [RESULT:NULL]
[06.10.2010 - 9:02:30]:[QUERY: DATABASE-OBJECT CREATED] [RESULT:OK]
[06.10.2010 - 9:02:30]:[QUERY: DATABASE CONNECTED] [RESULT:OK]
[06.10.2010 - 9:02:30]:[QUERY: SELECT depotID FROM depot WHERE customerID = '5'] [RESULT:OK]
[06.10.2010 - 9:02:30]:[QUERY: SELECT * FROM `share`] [RESULT:OK]
[06.10.2010 - 9:02:30]:[QUERY: SELECT * FROM `share`] [RESULT:OK]
[06.10.2010 - 9:02:30]:[QUERY: DATABASE CLOSED] [RESULT:NULL]
[06.10.2010 - 9:02:33]:[QUERY: DATABASE-OBJECT CREATED] [RESULT:OK]
[06.10.2010 - 9:02:33]:[QUERY: DATABASE CONNECTED] [RESULT:OK]
[06.10.2010 - 9:02:33]:[QUERY: SELECT * FROM depot WHERE customerID = '5'] [RESULT:OK]
[06.10.2010 - 9:02:33]:[QUERY: select a.*, t.name as accountType, t.interestRate from account a, c_accountType t WHERE a.accountID = 3 AND a.accountTypeID = t.accountTypeID ] [RESULT:NULL]
[06.10.2010 - 9:02:33]:[QUERY: SELECT * FROM sharebuy WHERE depotID = '2'] [RESULT:OK]
[06.10.2010 - 9:02:33]:[QUERY: DATABASE CLOSED] [RESULT:NULL]
[06.10.2010 - 9:03:06]:[QUERY: DATABASE-OBJECT CREATED] [RESULT:OK]
[06.10.2010 - 9:03:06]:[QUERY: DATABASE CONNECTED] [RESULT:OK]
[06.10.2010 - 9:03:06]:[QUERY: SELECT * FROM depot WHERE customerID = '5'] [RESULT:OK]
[06.10.2010 - 9:03:06]:[QUERY: select a.*, t.name as accountType, t.interestRate from account a, c_accountType t WHERE a.accountID = 3 AND a.accountTypeID = t.accountTypeID ] [RESULT:NULL]
[06.10.2010 - 9:03:06]:[QUERY: SELECT * FROM sharebuy WHERE depotID = '2'] [RESULT:OK]
[06.10.2010 - 9:03:06]:[QUERY: DATABASE CLOSED] [RESULT:NULL]
[06.10.2010 - 9:03:10]:[QUERY: DATABASE-OBJECT CREATED] [RESULT:OK]
[06.10.2010 - 9:03:10]:[QUERY: DATABASE CONNECTED] [RESULT:OK]
[06.10.2010 - 9:03:10]:[QUERY: DATABASE CLOSED] [RESULT:NULL]
[06.10.2010 - 9:03:10]:[QUERY: DATABASE-OBJECT CREATED] [RESULT:OK]
[06.10.2010 - 9:03:10]:[QUERY: DATABASE CONNECTED] [RESULT:OK]
[06.10.2010 - 9:03:10]:[QUERY: SELECT depotID FROM depot WHERE customerID = '5'] [RESULT:OK]
[06.10.2010 - 9:03:10]:[QUERY: DATABASE CLOSED] [RESULT:NULL]
[06.10.2010 - 9:03:10]:[QUERY: DATABASE-OBJECT CREATED] [RESULT:OK]
[06.10.2010 - 9:03:10]:[QUERY: DATABASE CONNECTED] [RESULT:OK]
[06.10.2010 - 9:03:10]:[QUERY: SELECT depotID FROM depot WHERE customerID = '5'] [RESULT:OK]
[06.10.2010 - 9:03:10]:[QUERY: SELECT depotID, accountID FROM depot WHERE customerID = '5'] [RESULT:OK]
[06.10.2010 - 9:03:10]:[QUERY: SELECT * FROM account WHERE accountID = 3] [RESULT:OK]
[06.10.2010 - 9:03:10]:[QUERY: SELECT * FROM account WHERE accountTypeID = '1' and customerID = '5' and active = '1' and accountID != '3'] [RESULT:OK]
[06.10.2010 - 9:03:10]:[QUERY: DATABASE CLOSED] [RESULT:NULL]
[06.10.2010 - 9:03:46]:[QUERY: DATABASE-OBJECT CREATED] [RESULT:OK]
[06.10.2010 - 9:03:46]:[QUERY: DATABASE CONNECTED] [RESULT:OK]
[06.10.2010 - 9:03:46]:[QUERY: DATABASE CLOSED] [RESULT:NULL]
[06.10.2010 - 9:03:46]:[QUERY: DATABASE-OBJECT CREATED] [RESULT:OK]
[06.10.2010 - 9:03:46]:[QUERY: DATABASE CONNECTED] [RESULT:OK]
[06.10.2010 - 9:03:46]:[QUERY: SELECT depotID FROM depot WHERE customerID = '5'] [RESULT:OK]
[06.10.2010 - 9:03:46]:[QUERY: DATABASE CLOSED] [RESULT:NULL]
[06.10.2010 - 9:03:46]:[QUERY: DATABASE-OBJECT CREATED] [RESULT:OK]
[06.10.2010 - 9:03:46]:[QUERY: DATABASE CONNECTED] [RESULT:OK]
[06.10.2010 - 9:03:46]:[QUERY: SELECT depotID FROM depot WHERE customerID = '5'] [RESULT:OK]
[06.10.2010 - 9:03:46]:[QUERY: SELECT depotID, accountID FROM depot WHERE customerID = '5'] [RESULT:OK]
[06.10.2010 - 9:03:46]:[QUERY: SELECT * FROM account WHERE accountID = 3] [RESULT:OK]
[06.10.2010 - 9:03:46]:[QUERY: SELECT * FROM account WHERE accountTypeID = '1' and customerID = '5' and active = '1' and accountID != '3'] [RESULT:OK]
[06.10.2010 - 9:03:46]:[QUERY: DATABASE CLOSED] [RESULT:NULL]
[06.10.2010 - 9:04:25]:[QUERY: DATABASE-OBJECT CREATED] [RESULT:OK]
[06.10.2010 - 9:04:25]:[QUERY: DATABASE CONNECTED] [RESULT:OK]
[06.10.2010 - 9:04:25]:[QUERY: select * from customer where customerID =5] [RESULT:OK]
[06.10.2010 - 9:04:25]:[QUERY: select accountID from account where customerID = 5 and active=1 and bankCode=99999999] [RESULT:OK]
[06.10.2010 - 9:04:25]:[QUERY: select a.*, t.name as accountType, t.interestRate from account a, c_accountType t WHERE a.accountID = 3 AND a.accountTypeID = t.accountTypeID ] [RESULT:NULL]
[06.10.2010 - 9:04:25]:[QUERY: select a.*, t.name as accountType, t.interestRate from account a, c_accountType t WHERE a.accountID = 4 AND a.accountTypeID = t.accountTypeID ] [RESULT:NULL]
[06.10.2010 - 9:04:25]:[QUERY: DATABASE CLOSED] [RESULT:NULL]
[06.10.2010 - 9:04:25]:[QUERY: DATABASE-OBJECT CREATED] [RESULT:OK]
[06.10.2010 - 9:04:25]:[QUERY: DATABASE CONNECTED] [RESULT:OK]
[06.10.2010 - 9:04:25]:[QUERY: DATABASE CLOSED] [RESULT:NULL]
[06.10.2010 - 9:04:25]:[QUERY: DATABASE-OBJECT CREATED] [RESULT:OK]
[06.10.2010 - 9:04:25]:[QUERY: DATABASE CONNECTED] [RESULT:OK]
[06.10.2010 - 9:04:25]:[QUERY: SELECT depotID FROM depot WHERE customerID = '5'] [RESULT:OK]
[06.10.2010 - 9:04:25]:[QUERY: SELECT * FROM `sharetransfer` WHERE depotID = 2] [RESULT:OK]
[06.10.2010 - 9:04:25]:[QUERY: DATABASE CLOSED] [RESULT:NULL]
[06.10.2010 - 9:05:05]:[QUERY: DATABASE-OBJECT CREATED] [RESULT:OK]
[06.10.2010 - 9:05:05]:[QUERY: DATABASE CONNECTED] [RESULT:OK]
[06.10.2010 - 9:05:05]:[QUERY: DATABASE CLOSED] [RESULT:NULL]
[06.10.2010 - 9:05:05]:[QUERY: DATABASE-OBJECT CREATED] [RESULT:OK]
[06.10.2010 - 9:05:05]:[QUERY: DATABASE CONNECTED] [RESULT:OK]
[06.10.2010 - 9:05:05]:[QUERY: SELECT depotID FROM depot WHERE customerID = '5'] [RESULT:OK]
[06.10.2010 - 9:05:05]:[QUERY: DATABASE CLOSED] [RESULT:NULL]
[06.10.2010 - 9:05:05]:[QUERY: DATABASE-OBJECT CREATED] [RESULT:OK]
[06.10.2010 - 9:05:05]:[QUERY: DATABASE CONNECTED] [RESULT:OK]
[06.10.2010 - 9:05:05]:[QUERY: SELECT * FROM `share`] [RESULT:OK]
[06.10.2010 - 9:05:05]:[QUERY: DATABASE CLOSED] [RESULT:NULL]
[06.10.2010 - 9:05:29]:[QUERY: DATABASE-OBJECT CREATED] [RESULT:OK]
[06.10.2010 - 9:05:29]:[QUERY: DATABASE CONNECTED] [RESULT:OK]
[06.10.2010 - 9:05:29]:[QUERY: DATABASE CLOSED] [RESULT:NULL]
[06.10.2010 - 9:05:29]:[QUERY: DATABASE-OBJECT CREATED] [RESULT:OK]
[06.10.2010 - 9:05:29]:[QUERY: DATABASE CONNECTED] [RESULT:OK]
[06.10.2010 - 9:05:29]:[QUERY: SELECT depotID FROM depot WHERE customerID = '5'] [RESULT:OK]
[06.10.2010 - 9:05:29]:[QUERY: DATABASE CLOSED] [RESULT:NULL]
[06.10.2010 - 9:05:29]:[QUERY: DATABASE-OBJECT CREATED] [RESULT:OK]
[06.10.2010 - 9:05:29]:[QUERY: DATABASE CONNECTED] [RESULT:OK]
[06.10.2010 - 9:05:29]:[QUERY: SELECT depotID FROM depot WHERE customerID = '5'] [RESULT:OK]
[06.10.2010 - 9:05:29]:[QUERY: SELECT * FROM `share`] [RESULT:OK]
[06.10.2010 - 9:05:29]:[QUERY: SELECT * FROM `share`] [RESULT:OK]
[06.10.2010 - 9:05:29]:[QUERY: DATABASE CLOSED] [RESULT:NULL]
[06.10.2010 - 9:05:31]:[QUERY: DATABASE-OBJECT CREATED] [RESULT:OK]
[06.10.2010 - 9:05:31]:[QUERY: DATABASE CONNECTED] [RESULT:OK]
[06.10.2010 - 9:05:31]:[QUERY: DATABASE CLOSED] [RESULT:NULL]
[06.10.2010 - 9:05:31]:[QUERY: DATABASE-OBJECT CREATED] [RESULT:OK]
[06.10.2010 - 9:05:31]:[QUERY: DATABASE CONNECTED] [RESULT:OK]
[06.10.2010 - 9:05:31]:[QUERY: SELECT depotID FROM depot WHERE customerID = '5'] [RESULT:OK]
[06.10.2010 - 9:05:31]:[QUERY: DATABASE CLOSED] [RESULT:NULL]
[06.10.2010 - 9:05:31]:[QUERY: DATABASE-OBJECT CREATED] [RESULT:OK]
[06.10.2010 - 9:05:31]:[QUERY: DATABASE CONNECTED] [RESULT:OK]
[06.10.2010 - 9:05:31]:[QUERY: SELECT depotID FROM depot WHERE customerID = '5'] [RESULT:OK]
[06.10.2010 - 9:05:31]:[QUERY: SELECT * FROM `share`] [RESULT:OK]
[06.10.2010 - 9:05:31]:[QUERY: SELECT * FROM `share`] [RESULT:OK]
[06.10.2010 - 9:05:31]:[QUERY: DATABASE CLOSED] [RESULT:NULL]
[06.10.2010 - 9:05:34]:[QUERY: DATABASE-OBJECT CREATED] [RESULT:OK]
[06.10.2010 - 9:05:34]:[QUERY: DATABASE CONNECTED] [RESULT:OK]
[06.10.2010 - 9:05:34]:[QUERY: SELECT * FROM depot WHERE customerID = '5'] [RESULT:OK]
[06.10.2010 - 9:05:34]:[QUERY: select a.*, t.name as accountType, t.interestRate from account a, c_accountType t WHERE a.accountID = 3 AND a.accountTypeID = t.accountTypeID ] [RESULT:NULL]
[06.10.2010 - 9:05:34]:[QUERY: SELECT * FROM sharebuy WHERE depotID = '2'] [RESULT:OK]
[06.10.2010 - 9:05:35]:[QUERY: DATABASE CLOSED] [RESULT:NULL]
[06.10.2010 - 10:57:36]:[QUERY: DATABASE-OBJECT CREATED] [RESULT:OK]
[06.10.2010 - 10:57:36]:[QUERY: DATABASE CONNECTED] [RESULT:OK]
[06.10.2010 - 10:57:36]:[QUERY: DATABASE CLOSED] [RESULT:NULL]
[06.10.2010 - 10:57:36]:[QUERY: DATABASE-OBJECT CREATED] [RESULT:OK]
[06.10.2010 - 10:57:36]:[QUERY: DATABASE CONNECTED] [RESULT:OK]
[06.10.2010 - 10:57:36]:[QUERY: SELECT depotID FROM depot WHERE customerID = '5'] [RESULT:OK]
[06.10.2010 - 10:57:36]:[QUERY: DATABASE CLOSED] [RESULT:NULL]
[06.10.2010 - 10:57:36]:[QUERY: DATABASE-OBJECT CREATED] [RESULT:OK]
[06.10.2010 - 10:57:36]:[QUERY: DATABASE CONNECTED] [RESULT:OK]
[06.10.2010 - 10:57:36]:[QUERY: SELECT * FROM `share`] [RESULT:OK]
[06.10.2010 - 10:57:36]:[QUERY: DATABASE CLOSED] [RESULT:NULL]
[06.10.2010 - 10:57:45]:[QUERY: DATABASE-OBJECT CREATED] [RESULT:OK]
[06.10.2010 - 10:57:45]:[QUERY: DATABASE CONNECTED] [RESULT:OK]
[06.10.2010 - 10:57:45]:[QUERY: SELECT customerID,sexID,forename,name,company FROM customer WHERE username = 'Sissi' AND password = '4f260f160c2b049380d217d0035e5b16' AND activeID = '1'] [RESULT:OK]
[06.10.2010 - 10:57:45]:[QUERY: DATABASE CLOSED] [RESULT:NULL]
[06.10.2010 - 10:57:45]:[QUERY: DATABASE-OBJECT CREATED] [RESULT:OK]
[06.10.2010 - 10:57:45]:[QUERY: DATABASE CONNECTED] [RESULT:OK]
[06.10.2010 - 10:57:45]:[QUERY: DATABASE CLOSED] [RESULT:NULL]
[06.10.2010 - 10:57:45]:[QUERY: DATABASE-OBJECT CREATED] [RESULT:OK]
[06.10.2010 - 10:57:45]:[QUERY: DATABASE CONNECTED] [RESULT:OK]
[06.10.2010 - 10:57:45]:[QUERY: SELECT depotID FROM depot WHERE customerID = '5'] [RESULT:OK]
[06.10.2010 - 10:57:45]:[QUERY: DATABASE CLOSED] [RESULT:NULL]
[06.10.2010 - 10:57:45]:[QUERY: DATABASE-OBJECT CREATED] [RESULT:OK]
[06.10.2010 - 10:57:45]:[QUERY: DATABASE CONNECTED] [RESULT:OK]
[06.10.2010 - 10:57:45]:[QUERY: SELECT * FROM `share`] [RESULT:OK]
[06.10.2010 - 10:57:45]:[QUERY: DATABASE CLOSED] [RESULT:NULL]
[06.10.2010 - 10:57:47]:[QUERY: DATABASE-OBJECT CREATED] [RESULT:OK]
[06.10.2010 - 10:57:47]:[QUERY: DATABASE CONNECTED] [RESULT:OK]
[06.10.2010 - 10:57:47]:[QUERY: DATABASE CLOSED] [RESULT:NULL]
[06.10.2010 - 10:57:47]:[QUERY: DATABASE-OBJECT CREATED] [RESULT:OK]
[06.10.2010 - 10:57:47]:[QUERY: DATABASE CONNECTED] [RESULT:OK]
[06.10.2010 - 10:57:47]:[QUERY: SELECT depotID FROM depot WHERE customerID = '5'] [RESULT:OK]
[06.10.2010 - 10:57:47]:[QUERY: DATABASE CLOSED] [RESULT:NULL]
[06.10.2010 - 10:57:47]:[QUERY: DATABASE-OBJECT CREATED] [RESULT:OK]
[06.10.2010 - 10:57:47]:[QUERY: DATABASE CONNECTED] [RESULT:OK]
[06.10.2010 - 10:57:47]:[QUERY: SELECT depotID FROM depot WHERE customerID = '5'] [RESULT:OK]
[06.10.2010 - 10:57:47]:[QUERY: SELECT * FROM `share`] [RESULT:OK]
[06.10.2010 - 10:57:47]:[QUERY: SELECT * FROM `share`] [RESULT:OK]
[06.10.2010 - 10:57:47]:[QUERY: DATABASE CLOSED] [RESULT:NULL]
[06.10.2010 - 10:57:51]:[QUERY: DATABASE-OBJECT CREATED] [RESULT:OK]
[06.10.2010 - 10:57:51]:[QUERY: DATABASE CONNECTED] [RESULT:OK]
[06.10.2010 - 10:57:51]:[QUERY: DATABASE CLOSED] [RESULT:NULL]
[06.10.2010 - 10:57:51]:[QUERY: DATABASE-OBJECT CREATED] [RESULT:OK]
[06.10.2010 - 10:57:51]:[QUERY: DATABASE CONNECTED] [RESULT:OK]
[06.10.2010 - 10:57:51]:[QUERY: SELECT depotID FROM depot WHERE customerID = '5'] [RESULT:OK]
[06.10.2010 - 10:57:51]:[QUERY: DATABASE CLOSED] [RESULT:NULL]
[06.10.2010 - 10:57:51]:[QUERY: DATABASE-OBJECT CREATED] [RESULT:OK]
[06.10.2010 - 10:57:51]:[QUERY: DATABASE CONNECTED] [RESULT:OK]
[06.10.2010 - 10:57:51]:[QUERY: SELECT depotID FROM depot WHERE customerID = '5'] [RESULT:OK]
[06.10.2010 - 10:57:51]:[QUERY: SELECT * FROM `share`] [RESULT:OK]
[06.10.2010 - 10:57:51]:[QUERY: SELECT * FROM `share`] [RESULT:OK]
[06.10.2010 - 10:57:51]:[QUERY: DATABASE CLOSED] [RESULT:NULL]
[06.10.2010 - 10:57:54]:[QUERY: DATABASE-OBJECT CREATED] [RESULT:OK]
[06.10.2010 - 10:57:54]:[QUERY: DATABASE CONNECTED] [RESULT:OK]
[06.10.2010 - 10:57:54]:[QUERY: SELECT * FROM depot WHERE customerID = '5'] [RESULT:OK]
[06.10.2010 - 10:57:54]:[QUERY: select a.*, t.name as accountType, t.interestRate from account a, c_accountType t WHERE a.accountID = 3 AND a.accountTypeID = t.accountTypeID ] [RESULT:NULL]
[06.10.2010 - 10:57:54]:[QUERY: SELECT * FROM sharebuy WHERE depotID = '2'] [RESULT:OK]
[06.10.2010 - 10:57:54]:[QUERY: DATABASE CLOSED] [RESULT:NULL]
[06.10.2010 - 10:59:23]:[QUERY: DATABASE-OBJECT CREATED] [RESULT:OK]
[06.10.2010 - 10:59:23]:[QUERY: DATABASE CONNECTED] [RESULT:OK]
[06.10.2010 - 10:59:23]:[QUERY: DATABASE CLOSED] [RESULT:NULL]
[06.10.2010 - 10:59:23]:[QUERY: DATABASE-OBJECT CREATED] [RESULT:OK]
[06.10.2010 - 10:59:23]:[QUERY: DATABASE CONNECTED] [RESULT:OK]
[06.10.2010 - 10:59:23]:[QUERY: SELECT depotID FROM depot WHERE customerID = '5'] [RESULT:OK]
[06.10.2010 - 10:59:23]:[QUERY: DATABASE CLOSED] [RESULT:NULL]
[06.10.2010 - 10:59:23]:[QUERY: DATABASE-OBJECT CREATED] [RESULT:OK]
[06.10.2010 - 10:59:23]:[QUERY: DATABASE CONNECTED] [RESULT:OK]
[06.10.2010 - 10:59:23]:[QUERY: SELECT depotID FROM depot WHERE customerID = '5'] [RESULT:OK]
[06.10.2010 - 10:59:23]:[QUERY: DATABASE CLOSED] [RESULT:NULL]
[06.10.2010 - 10:59:23]:[QUERY: DATABASE-OBJECT CREATED] [RESULT:OK]
[06.10.2010 - 10:59:23]:[QUERY: DATABASE CONNECTED] [RESULT:OK]
[06.10.2010 - 10:59:23]:[QUERY: SELECT depotID FROM depot WHERE customerID = '5'] [RESULT:OK]
[06.10.2010 - 10:59:23]:[QUERY: SELECT * FROM sharebuy WHERE depotID = 2] [RESULT:OK]
[06.10.2010 - 10:59:23]:[QUERY: DATABASE-OBJECT CREATED] [RESULT:OK]
[06.10.2010 - 10:59:23]:[QUERY: DATABASE CONNECTED] [RESULT:OK]
[06.10.2010 - 10:59:23]:[QUERY: SELECT depotID FROM depot WHERE customerID = '5'] [RESULT:OK]
[06.10.2010 - 10:59:23]:[QUERY: SELECT * FROM sharesell WHERE depotID = 2] [RESULT:OK]
[06.10.2010 - 10:59:24]:[QUERY: DATABASE-OBJECT CREATED] [RESULT:OK]
[06.10.2010 - 10:59:24]:[QUERY: DATABASE CONNECTED] [RESULT:OK]
[06.10.2010 - 10:59:24]:[QUERY: DATABASE CLOSED] [RESULT:NULL]
[06.10.2010 - 10:59:24]:[QUERY: DATABASE-OBJECT CREATED] [RESULT:OK]
[06.10.2010 - 10:59:24]:[QUERY: DATABASE CONNECTED] [RESULT:OK]
[06.10.2010 - 10:59:24]:[QUERY: SELECT depotID FROM depot WHERE customerID = '5'] [RESULT:OK]
[06.10.2010 - 10:59:24]:[QUERY: DATABASE CLOSED] [RESULT:NULL]
[06.10.2010 - 10:59:24]:[QUERY: DATABASE-OBJECT CREATED] [RESULT:OK]
[06.10.2010 - 10:59:24]:[QUERY: DATABASE CONNECTED] [RESULT:OK]
[06.10.2010 - 10:59:24]:[QUERY: SELECT depotID FROM depot WHERE customerID = '5'] [RESULT:OK]
[06.10.2010 - 10:59:24]:[QUERY: DATABASE CLOSED] [RESULT:NULL]
[06.10.2010 - 10:59:24]:[QUERY: DATABASE-OBJECT CREATED] [RESULT:OK]
[06.10.2010 - 10:59:24]:[QUERY: DATABASE CONNECTED] [RESULT:OK]
[06.10.2010 - 10:59:24]:[QUERY: SELECT depotID FROM depot WHERE customerID = '5'] [RESULT:OK]
[06.10.2010 - 10:59:24]:[QUERY: SELECT * FROM `sharetransfer` WHERE depotID = 2] [RESULT:OK]
[06.10.2010 - 10:59:24]:[QUERY: SELECT * FROM `share`] [RESULT:OK]
[06.10.2010 - 10:59:24]:[QUERY: DATABASE CLOSED] [RESULT:NULL]
[06.10.2010 - 10:59:30]:[QUERY: DATABASE-OBJECT CREATED] [RESULT:OK]
[06.10.2010 - 10:59:30]:[QUERY: DATABASE CONNECTED] [RESULT:OK]
[06.10.2010 - 10:59:30]:[QUERY: DATABASE CLOSED] [RESULT:NULL]
[06.10.2010 - 10:59:30]:[QUERY: DATABASE-OBJECT CREATED] [RESULT:OK]
[06.10.2010 - 10:59:30]:[QUERY: DATABASE CONNECTED] [RESULT:OK]
[06.10.2010 - 10:59:30]:[QUERY: SELECT depotID FROM depot WHERE customerID = '5'] [RESULT:OK]
[06.10.2010 - 10:59:30]:[QUERY: DATABASE CLOSED] [RESULT:NULL]
[06.10.2010 - 10:59:30]:[QUERY: DATABASE-OBJECT CREATED] [RESULT:OK]
[06.10.2010 - 10:59:30]:[QUERY: DATABASE CONNECTED] [RESULT:OK]
[06.10.2010 - 10:59:30]:[QUERY: DATABASE-OBJECT CREATED] [RESULT:OK]
[06.10.2010 - 10:59:30]:[QUERY: DATABASE CONNECTED] [RESULT:OK]
[06.10.2010 - 10:59:30]:[QUERY: SELECT * FROM `share`] [RESULT:OK]
[06.10.2010 - 10:59:30]:[QUERY: SELECT depotID FROM depot WHERE customerID = '5'] [RESULT:OK]
[06.10.2010 - 10:59:30]:[QUERY: SELECT * FROM sharesell WHERE depotID = 2] [RESULT:OK]
[06.10.2010 - 10:59:30]:[QUERY: DATABASE-OBJECT CREATED] [RESULT:OK]
[06.10.2010 - 10:59:30]:[QUERY: DATABASE CONNECTED] [RESULT:OK]
[06.10.2010 - 10:59:30]:[QUERY: SELECT depotID FROM depot WHERE customerID = '5'] [RESULT:OK]
[06.10.2010 - 10:59:30]:[QUERY: SELECT * FROM `sharetransfer` WHERE depotID = 2] [RESULT:OK]
[06.10.2010 - 10:59:30]:[QUERY: SELECT * FROM `share`] [RESULT:OK]
[06.10.2010 - 10:59:30]:[QUERY: DATABASE CLOSED] [RESULT:NULL]
[06.10.2010 - 10:59:31]:[QUERY: DATABASE-OBJECT CREATED] [RESULT:OK]
[06.10.2010 - 10:59:31]:[QUERY: DATABASE CONNECTED] [RESULT:OK]
[06.10.2010 - 10:59:31]:[QUERY: DATABASE CLOSED] [RESULT:NULL]
[06.10.2010 - 10:59:31]:[QUERY: DATABASE-OBJECT CREATED] [RESULT:OK]
[06.10.2010 - 10:59:31]:[QUERY: DATABASE CONNECTED] [RESULT:OK]
[06.10.2010 - 10:59:31]:[QUERY: SELECT depotID FROM depot WHERE customerID = '5'] [RESULT:OK]
[06.10.2010 - 10:59:31]:[QUERY: DATABASE CLOSED] [RESULT:NULL]
[06.10.2010 - 10:59:31]:[QUERY: DATABASE-OBJECT CREATED] [RESULT:OK]
[06.10.2010 - 10:59:31]:[QUERY: DATABASE CONNECTED] [RESULT:OK]
[06.10.2010 - 10:59:31]:[QUERY: DATABASE-OBJECT CREATED] [RESULT:OK]
[06.10.2010 - 10:59:31]:[QUERY: DATABASE CONNECTED] [RESULT:OK]
[06.10.2010 - 10:59:31]:[QUERY: SELECT * FROM `share`] [RESULT:OK]
[06.10.2010 - 10:59:31]:[QUERY: SELECT depotID FROM depot WHERE customerID = '5'] [RESULT:OK]
[06.10.2010 - 10:59:31]:[QUERY: SELECT * FROM sharesell WHERE depotID = 2] [RESULT:OK]
[06.10.2010 - 10:59:31]:[QUERY: SELECT depotID FROM depot WHERE customerID = '5'] [RESULT:OK]
[06.10.2010 - 10:59:31]:[QUERY: SELECT * FROM `sharetransfer` WHERE depotID = 2] [RESULT:OK]
[06.10.2010 - 10:59:31]:[QUERY: SELECT * FROM `share`] [RESULT:OK]
[06.10.2010 - 10:59:31]:[QUERY: SELECT depotID FROM depot WHERE customerID = '5'] [RESULT:OK]
[06.10.2010 - 10:59:31]:[QUERY: SELECT * FROM `sharetransfer` WHERE depotID = 2] [RESULT:OK]
[06.10.2010 - 10:59:31]:[QUERY: SELECT depotID FROM depot WHERE customerID = '5'] [RESULT:OK]
[06.10.2010 - 10:59:31]:[QUERY: SELECT SUM(AMOUNT) sum FROM sharesell WHERE depotID = 2 AND WKN = '500340'] [RESULT:OK]
[06.10.2010 - 10:59:31]:[QUERY: SELECT depotID FROM depot WHERE customerID = '5'] [RESULT:OK]
[06.10.2010 - 10:59:31]:[QUERY: SELECT * FROM `sharetransfer` WHERE depotID = 2] [RESULT:OK]
[06.10.2010 - 10:59:31]:[QUERY: SELECT depotID FROM depot WHERE customerID = '5'] [RESULT:OK]
[06.10.2010 - 10:59:31]:[QUERY: SELECT SUM(AMOUNT) sum FROM sharesell WHERE depotID = 2 AND WKN = '500340'] [RESULT:OK]
[06.10.2010 - 10:59:35]:[QUERY: DATABASE-OBJECT CREATED] [RESULT:OK]
[06.10.2010 - 10:59:35]:[QUERY: DATABASE CONNECTED] [RESULT:OK]
[06.10.2010 - 10:59:35]:[QUERY: DATABASE CLOSED] [RESULT:NULL]
[06.10.2010 - 10:59:35]:[QUERY: DATABASE-OBJECT CREATED] [RESULT:OK]
[06.10.2010 - 10:59:35]:[QUERY: DATABASE CONNECTED] [RESULT:OK]
[06.10.2010 - 10:59:35]:[QUERY: SELECT depotID FROM depot WHERE customerID = '5'] [RESULT:OK]
[06.10.2010 - 10:59:35]:[QUERY: DATABASE CLOSED] [RESULT:NULL]
[06.10.2010 - 10:59:35]:[QUERY: DATABASE-OBJECT CREATED] [RESULT:OK]
[06.10.2010 - 10:59:35]:[QUERY: DATABASE CONNECTED] [RESULT:OK]
[06.10.2010 - 10:59:35]:[QUERY: DATABASE-OBJECT CREATED] [RESULT:OK]
[06.10.2010 - 10:59:35]:[QUERY: DATABASE CONNECTED] [RESULT:OK]
[06.10.2010 - 10:59:35]:[QUERY: SELECT depotID, accountID FROM depot WHERE customerID = '5'] [RESULT:OK]
[06.10.2010 - 10:59:35]:[QUERY: SELECT * FROM account WHERE customerID = '5'] [RESULT:OK]
[06.10.2010 - 10:59:35]:[QUERY: SELECT bankID FROM bank WHERE code = '99999999'] [RESULT:OK]
[06.10.2010 - 10:59:35]:[QUERY: DATABASE CLOSED] [RESULT:NULL]
[06.10.2010 - 10:59:35]:[QUERY: DATABASE-OBJECT CREATED] [RESULT:OK]
[06.10.2010 - 10:59:35]:[QUERY: DATABASE CONNECTED] [RESULT:OK]
[06.10.2010 - 10:59:35]:[QUERY: SELECT * FROM `share`] [RESULT:OK]
[06.10.2010 - 10:59:35]:[QUERY: DATABASE-OBJECT CREATED] [RESULT:OK]
[06.10.2010 - 10:59:35]:[QUERY: DATABASE CONNECTED] [RESULT:OK]
[06.10.2010 - 10:59:35]:[QUERY: SELECT depotID, accountID FROM depot WHERE customerID = '5'] [RESULT:OK]
[06.10.2010 - 10:59:35]:[QUERY: SELECT * FROM account WHERE customerID = '5'] [RESULT:OK]
[06.10.2010 - 10:59:35]:[QUERY: SELECT bankID FROM bank WHERE code = '99999999'] [RESULT:OK]
[06.10.2010 - 10:59:35]:[QUERY: DATABASE CLOSED] [RESULT:NULL]
[06.10.2010 - 10:59:35]:[QUERY: DATABASE-OBJECT CREATED] [RESULT:OK]
[06.10.2010 - 10:59:35]:[QUERY: DATABASE CONNECTED] [RESULT:OK]
[06.10.2010 - 10:59:35]:[QUERY: INSERT INTO sharesell (WKN, bankID, depotID, amount, price, date) VALUES ('500340', '99999999', '2', '2', '5', '')] [RESULT:OK]
[06.10.2010 - 10:59:35]:[QUERY: DATABASE CLOSED] [RESULT:NULL]
[06.10.2010 - 10:59:35]:[QUERY: DATABASE-OBJECT CREATED] [RESULT:OK]
[06.10.2010 - 10:59:35]:[QUERY: DATABASE CONNECTED] [RESULT:OK]
[06.10.2010 - 10:59:35]:[QUERY: SELECT * FROM `share`] [RESULT:OK]
[06.10.2010 - 10:59:35]:[QUERY: SELECT depotID FROM depot WHERE customerID = '5'] [RESULT:OK]
[06.10.2010 - 10:59:35]:[QUERY: SELECT * FROM sharesell WHERE depotID = 2] [RESULT:OK]
[06.10.2010 - 10:59:35]:[QUERY: SELECT depotID FROM depot WHERE customerID = '5'] [RESULT:OK]
[06.10.2010 - 10:59:35]:[QUERY: SELECT * FROM `sharetransfer` WHERE depotID = 2] [RESULT:OK]
[06.10.2010 - 10:59:35]:[QUERY: SELECT * FROM `share`] [RESULT:OK]
[06.10.2010 - 10:59:35]:[QUERY: SELECT depotID FROM depot WHERE customerID = '5'] [RESULT:OK]
[06.10.2010 - 10:59:35]:[QUERY: SELECT * FROM `sharetransfer` WHERE depotID = 2] [RESULT:OK]
[06.10.2010 - 10:59:35]:[QUERY: SELECT depotID FROM depot WHERE customerID = '5'] [RESULT:OK]
[06.10.2010 - 10:59:35]:[QUERY: SELECT SUM(AMOUNT) sum FROM sharesell WHERE depotID = 2 AND WKN = '500340'] [RESULT:OK]
[06.10.2010 - 10:59:35]:[QUERY: SELECT depotID FROM depot WHERE customerID = '5'] [RESULT:OK]
[06.10.2010 - 10:59:35]:[QUERY: SELECT * FROM `sharetransfer` WHERE depotID = 2] [RESULT:OK]
[06.10.2010 - 10:59:35]:[QUERY: SELECT depotID FROM depot WHERE customerID = '5'] [RESULT:OK]
[06.10.2010 - 10:59:35]:[QUERY: SELECT SUM(AMOUNT) sum FROM sharesell WHERE depotID = 2 AND WKN = '500340'] [RESULT:OK]
[06.10.2010 - 10:59:39]:[QUERY: DATABASE-OBJECT CREATED] [RESULT:OK]
[06.10.2010 - 10:59:39]:[QUERY: DATABASE CONNECTED] [RESULT:OK]
[06.10.2010 - 10:59:39]:[QUERY: DATABASE CLOSED] [RESULT:NULL]
[06.10.2010 - 10:59:39]:[QUERY: DATABASE-OBJECT CREATED] [RESULT:OK]
[06.10.2010 - 10:59:39]:[QUERY: DATABASE CONNECTED] [RESULT:OK]
[06.10.2010 - 10:59:39]:[QUERY: SELECT depotID FROM depot WHERE customerID = '5'] [RESULT:OK]
[06.10.2010 - 10:59:39]:[QUERY: DATABASE CLOSED] [RESULT:NULL]
[06.10.2010 - 10:59:39]:[QUERY: DATABASE-OBJECT CREATED] [RESULT:OK]
[06.10.2010 - 10:59:39]:[QUERY: DATABASE CONNECTED] [RESULT:OK]
[06.10.2010 - 10:59:39]:[QUERY: SELECT depotID FROM depot WHERE customerID = '5'] [RESULT:OK]
[06.10.2010 - 10:59:39]:[QUERY: DATABASE CLOSED] [RESULT:NULL]
[06.10.2010 - 10:59:39]:[QUERY: DATABASE-OBJECT CREATED] [RESULT:OK]
[06.10.2010 - 10:59:39]:[QUERY: DATABASE CONNECTED] [RESULT:OK]
[06.10.2010 - 10:59:39]:[QUERY: SELECT depotID FROM depot WHERE customerID = '5'] [RESULT:OK]
[06.10.2010 - 10:59:39]:[QUERY: SELECT * FROM sharebuy WHERE depotID = 2] [RESULT:OK]
[06.10.2010 - 10:59:39]:[QUERY: DATABASE-OBJECT CREATED] [RESULT:OK]
[06.10.2010 - 10:59:39]:[QUERY: DATABASE CONNECTED] [RESULT:OK]
[06.10.2010 - 10:59:39]:[QUERY: SELECT depotID FROM depot WHERE customerID = '5'] [RESULT:OK]
[06.10.2010 - 10:59:39]:[QUERY: SELECT * FROM sharesell WHERE depotID = 2] [RESULT:OK]
[06.10.2010 - 10:59:39]:[QUERY: SELECT * FROM `share`] [RESULT:OK]
[06.10.2010 - 10:59:42]:[QUERY: DATABASE-OBJECT CREATED] [RESULT:OK]
[06.10.2010 - 10:59:42]:[QUERY: DATABASE CONNECTED] [RESULT:OK]
[06.10.2010 - 10:59:42]:[QUERY: DATABASE CLOSED] [RESULT:NULL]
[06.10.2010 - 10:59:42]:[QUERY: DATABASE-OBJECT CREATED] [RESULT:OK]
[06.10.2010 - 10:59:42]:[QUERY: DATABASE CONNECTED] [RESULT:OK]
[06.10.2010 - 10:59:42]:[QUERY: SELECT depotID FROM depot WHERE customerID = '5'] [RESULT:OK]
[06.10.2010 - 10:59:42]:[QUERY: DATABASE CLOSED] [RESULT:NULL]
[06.10.2010 - 10:59:42]:[QUERY: DATABASE-OBJECT CREATED] [RESULT:OK]
[06.10.2010 - 10:59:42]:[QUERY: DATABASE CONNECTED] [RESULT:OK]
[06.10.2010 - 10:59:42]:[QUERY: SELECT depotID FROM depot WHERE customerID = '5'] [RESULT:OK]
[06.10.2010 - 10:59:42]:[QUERY: DATABASE CLOSED] [RESULT:NULL]
[06.10.2010 - 10:59:42]:[QUERY: DATABASE-OBJECT CREATED] [RESULT:OK]
[06.10.2010 - 10:59:42]:[QUERY: DATABASE CONNECTED] [RESULT:OK]
[06.10.2010 - 10:59:42]:[QUERY: SELECT depotID FROM depot WHERE customerID = '5'] [RESULT:OK]
[06.10.2010 - 10:59:42]:[QUERY: SELECT * FROM `sharetransfer` WHERE depotID = 2] [RESULT:OK]
[06.10.2010 - 10:59:42]:[QUERY: SELECT * FROM `share`] [RESULT:OK]
[06.10.2010 - 10:59:42]:[QUERY: DATABASE CLOSED] [RESULT:NULL]
[06.10.2010 - 10:59:43]:[QUERY: DATABASE-OBJECT CREATED] [RESULT:OK]
[06.10.2010 - 10:59:43]:[QUERY: DATABASE CONNECTED] [RESULT:OK]
[06.10.2010 - 10:59:43]:[QUERY: SELECT accountID as ID FROM account WHERE counterAccountID is NULL AND bankCode = '99999999' AND accountTypeID <> 5] [RESULT:OK]
[06.10.2010 - 10:59:43]:[QUERY: select a.*, t.name as accountType, t.interestRate from account a, c_accountType t WHERE a.accountID = 1 AND a.accountTypeID = t.accountTypeID ] [RESULT:NULL]
[06.10.2010 - 10:59:43]:[QUERY: select a.*, t.name as accountType, t.interestRate from account a, c_accountType t WHERE a.accountID = 2 AND a.accountTypeID = t.accountTypeID ] [RESULT:NULL]
[06.10.2010 - 10:59:43]:[QUERY: select a.*, t.name as accountType, t.interestRate from account a, c_accountType t WHERE a.accountID = 3 AND a.accountTypeID = t.accountTypeID ] [RESULT:NULL]
[06.10.2010 - 10:59:43]:[QUERY: select a.*, t.name as accountType, t.interestRate from account a, c_accountType t WHERE a.accountID = 4 AND a.accountTypeID = t.accountTypeID ] [RESULT:NULL]
[06.10.2010 - 10:59:43]:[QUERY: DATABASE-OBJECT CREATED] [RESULT:OK]
[06.10.2010 - 10:59:43]:[QUERY: DATABASE CONNECTED] [RESULT:OK]
[06.10.2010 - 10:59:43]:[QUERY: DATABASE CLOSED] [RESULT:NULL]
[06.10.2010 - 10:59:43]:[QUERY: DATABASE-OBJECT CREATED] [RESULT:OK]
[06.10.2010 - 10:59:43]:[QUERY: DATABASE CONNECTED] [RESULT:OK]
[06.10.2010 - 10:59:45]:[QUERY: TRUNCATE TABLE `share`] [RESULT:OK]
[06.10.2010 - 10:59:45]:[QUERY: INSERT INTO `share` (`wkn` ,`name` ,`shortname` ,`currentPrice` ,`change`)VALUES ('500340', 'Adidas AG', 'ADS.DE', 5, '-53')] [RESULT:OK]
[06.10.2010 - 10:59:45]:[QUERY: INSERT INTO `share` (`wkn` ,`name` ,`shortname` ,`currentPrice` ,`change`)VALUES ('840400', 'Allianz SE', 'ALV.DE', 82.9, '0')] [RESULT:OK]
[06.10.2010 - 10:59:45]:[QUERY: INSERT INTO `share` (`wkn` ,`name` ,`shortname` ,`currentPrice` ,`change`)VALUES ('BASF11', 'BASF SE', 'BAS.DE', 46.26, '0')] [RESULT:OK]
[06.10.2010 - 10:59:45]:[QUERY: INSERT INTO `share` (`wkn` ,`name` ,`shortname` ,`currentPrice` ,`change`)VALUES ('Bay001', 'Bayer AG', 'BAYN.DE', 51.15, '0')] [RESULT:OK]
[06.10.2010 - 10:59:45]:[QUERY: INSERT INTO `share` (`wkn` ,`name` ,`shortname` ,`currentPrice` ,`change`)VALUES ('520000', 'Beiersdorf AG', 'BEI.DE', 44.9, '0')] [RESULT:OK]
[06.10.2010 - 10:59:45]:[QUERY: INSERT INTO `share` (`wkn` ,`name` ,`shortname` ,`currentPrice` ,`change`)VALUES ('519000', 'BMW AG', 'BMW.DE', 51.44, '0')] [RESULT:OK]
[06.10.2010 - 10:59:45]:[QUERY: INSERT INTO `share` (`wkn` ,`name` ,`shortname` ,`currentPrice` ,`change`)VALUES ('803200', 'Commerzbank AG', 'CBK.DE', 80, '73.92')] [RESULT:OK]
[06.10.2010 - 10:59:45]:[QUERY: INSERT INTO `share` (`wkn` ,`name` ,`shortname` ,`currentPrice` ,`change`)VALUES ('710000', 'Daimler AG', 'DAI.DE', 70.56, '16.55')] [RESULT:OK]
[06.10.2010 - 10:59:45]:[QUERY: INSERT INTO `share` (`wkn` ,`name` ,`shortname` ,`currentPrice` ,`change`)VALUES ('514000', 'Deutsche Bank AG', 'DBK.DE', 40.15, '0')] [RESULT:OK]
[06.10.2010 - 10:59:45]:[QUERY: INSERT INTO `share` (`wkn` ,`name` ,`shortname` ,`currentPrice` ,`change`)VALUES ('581005', 'Deutsche Boerse AG', 'DB1.DE', 48.94, '0')] [RESULT:OK]
[06.10.2010 - 10:59:45]:[QUERY: INSERT INTO `share` (`wkn` ,`name` ,`shortname` ,`currentPrice` ,`change`)VALUES ('823212', 'Deutsche Lufthansa AG', 'LHA.DE', 13.48, '0')] [RESULT:OK]
[06.10.2010 - 10:59:45]:[QUERY: INSERT INTO `share` (`wkn` ,`name` ,`shortname` ,`currentPrice` ,`change`)VALUES ('555200', 'Deutsche Post AG', 'DPW.DE', 13.31, '0')] [RESULT:OK]
[06.10.2010 - 10:59:45]:[QUERY: INSERT INTO `share` (`wkn` ,`name` ,`shortname` ,`currentPrice` ,`change`)VALUES ('555750', 'Deutsche Telekom AG', 'DTE.DE', 10.03, '0')] [RESULT:OK]
[06.10.2010 - 10:59:45]:[QUERY: INSERT INTO `share` (`wkn` ,`name` ,`shortname` ,`currentPrice` ,`change`)VALUES ('ENAG99', 'E.ON AG', 'EOAN.DE', 21.64, '0')] [RESULT:OK]
[06.10.2010 - 10:59:45]:[QUERY: INSERT INTO `share` (`wkn` ,`name` ,`shortname` ,`currentPrice` ,`change`)VALUES ('578580', 'Fresenius Medical Care AG & CO KG AA', 'FME.DE', 45.31, '0')] [RESULT:OK]
[06.10.2010 - 10:59:45]:[QUERY: INSERT INTO `share` (`wkn` ,`name` ,`shortname` ,`currentPrice` ,`change`)VALUES ('578563', 'Fresenius SE', 'FRE3.DE', 59.24, '0')] [RESULT:OK]
[06.10.2010 - 10:59:45]:[QUERY: INSERT INTO `share` (`wkn` ,`name` ,`shortname` ,`currentPrice` ,`change`)VALUES ('604700', 'Heidelberg Cement AG', 'HEI.DE', 35.35, '0')] [RESULT:OK]
[06.10.2010 - 10:59:45]:[QUERY: INSERT INTO `share` (`wkn` ,`name` ,`shortname` ,`currentPrice` ,`change`)VALUES ('604843', 'Henkel AG & CO KGAA', 'HEN3.DE', 39.4, '0')] [RESULT:OK]
[06.10.2010 - 10:59:45]:[QUERY: INSERT INTO `share` (`wkn` ,`name` ,`shortname` ,`currentPrice` ,`change`)VALUES ('623100', 'Infineon Techologies AG', 'IFX.DE', 5.09, '0')] [RESULT:OK]
[06.10.2010 - 10:59:45]:[QUERY: INSERT INTO `share` (`wkn` ,`name` ,`shortname` ,`currentPrice` ,`change`)VALUES ('716200', 'K+S AG', 'SDF.DE', 43.92, '0')] [RESULT:OK]
[06.10.2010 - 10:59:45]:[QUERY: INSERT INTO `share` (`wkn` ,`name` ,`shortname` ,`currentPrice` ,`change`)VALUES ('648300', 'Linde AG', 'LIN.DE', 95.45, '0')] [RESULT:OK]
[06.10.2010 - 10:59:45]:[QUERY: INSERT INTO `share` (`wkn` ,`name` ,`shortname` ,`currentPrice` ,`change`)VALUES ('843002', 'M&uuml;nchener R&uuml;ckversicherungs-Gesellschaft AG', 'MUV2.DE', 101.6, '0')] [RESULT:OK]
[06.10.2010 - 10:59:45]:[QUERY: INSERT INTO `share` (`wkn` ,`name` ,`shortname` ,`currentPrice` ,`change`)VALUES ('593700', 'MAN SE', 'MAN.DE', 79.91, '0')] [RESULT:OK]
[06.10.2010 - 10:59:45]:[QUERY: INSERT INTO `share` (`wkn` ,`name` ,`shortname` ,`currentPrice` ,`change`)VALUES ('659990', 'Merck KGAA', 'MRK.DE', 61.62, '0')] [RESULT:OK]
[06.10.2010 - 10:59:45]:[QUERY: INSERT INTO `share` (`wkn` ,`name` ,`shortname` ,`currentPrice` ,`change`)VALUES ('725750', 'Metro AG', 'MEO.DE', 47.75, '0')] [RESULT:OK]
[06.10.2010 - 10:59:45]:[QUERY: INSERT INTO `share` (`wkn` ,`name` ,`shortname` ,`currentPrice` ,`change`)VALUES ('703712', 'RWE AG', 'RWE.DE', 49.55, '0')] [RESULT:OK]
[06.10.2010 - 10:59:45]:[QUERY: INSERT INTO `share` (`wkn` ,`name` ,`shortname` ,`currentPrice` ,`change`)VALUES ('716460', 'SAP AG', 'SAP.DE', 36.28, '0')] [RESULT:OK]
[06.10.2010 - 10:59:45]:[QUERY: INSERT INTO `share` (`wkn` ,`name` ,`shortname` ,`currentPrice` ,`change`)VALUES ('723610', 'Siemens AG', 'SIE.DE', 150.03, '9.82')] [RESULT:OK]
[06.10.2010 - 10:59:45]:[QUERY: INSERT INTO `share` (`wkn` ,`name` ,`shortname` ,`currentPrice` ,`change`)VALUES ('750000', 'ThyssenKrupp AG', 'TKA.DE', 23.92, '0')] [RESULT:OK]
[06.10.2010 - 10:59:45]:[QUERY: INSERT INTO `share` (`wkn` ,`name` ,`shortname` ,`currentPrice` ,`change`)VALUES ('766403', 'Volkswagen AG', 'VOW3.DE', 88.53, '0')] [RESULT:OK]
[06.10.2010 - 10:59:51]:[QUERY: DATABASE-OBJECT CREATED] [RESULT:OK]
[06.10.2010 - 10:59:51]:[QUERY: DATABASE CONNECTED] [RESULT:OK]
[06.10.2010 - 10:59:51]:[QUERY: DATABASE CLOSED] [RESULT:NULL]
[06.10.2010 - 10:59:51]:[QUERY: DATABASE-OBJECT CREATED] [RESULT:OK]
[06.10.2010 - 10:59:51]:[QUERY: DATABASE CONNECTED] [RESULT:OK]
[06.10.2010 - 10:59:51]:[QUERY: SELECT depotID FROM depot WHERE customerID = '5'] [RESULT:OK]
[06.10.2010 - 10:59:51]:[QUERY: DATABASE CLOSED] [RESULT:NULL]
[06.10.2010 - 10:59:51]:[QUERY: DATABASE-OBJECT CREATED] [RESULT:OK]
[06.10.2010 - 10:59:51]:[QUERY: DATABASE CONNECTED] [RESULT:OK]
[06.10.2010 - 10:59:51]:[QUERY: SELECT depotID FROM depot WHERE customerID = '5'] [RESULT:OK]
[06.10.2010 - 10:59:51]:[QUERY: DATABASE CLOSED] [RESULT:NULL]
[06.10.2010 - 10:59:51]:[QUERY: DATABASE-OBJECT CREATED] [RESULT:OK]
[06.10.2010 - 10:59:51]:[QUERY: DATABASE CONNECTED] [RESULT:OK]
[06.10.2010 - 10:59:51]:[QUERY: SELECT depotID FROM depot WHERE customerID = '5'] [RESULT:OK]
[06.10.2010 - 10:59:51]:[QUERY: SELECT * FROM sharebuy WHERE depotID = 2] [RESULT:OK]
[06.10.2010 - 10:59:51]:[QUERY: DATABASE-OBJECT CREATED] [RESULT:OK]
[06.10.2010 - 10:59:51]:[QUERY: DATABASE CONNECTED] [RESULT:OK]
[06.10.2010 - 10:59:51]:[QUERY: SELECT depotID FROM depot WHERE customerID = '5'] [RESULT:OK]
[06.10.2010 - 10:59:51]:[QUERY: SELECT * FROM sharesell WHERE depotID = 2] [RESULT:OK]
[06.10.2010 - 10:59:51]:[QUERY: SELECT * FROM `share`] [RESULT:OK]
[06.10.2010 - 10:59:54]:[QUERY: DATABASE-OBJECT CREATED] [RESULT:OK]
[06.10.2010 - 10:59:54]:[QUERY: DATABASE CONNECTED] [RESULT:OK]
[06.10.2010 - 10:59:54]:[QUERY: DATABASE CLOSED] [RESULT:NULL]
[06.10.2010 - 10:59:54]:[QUERY: DATABASE-OBJECT CREATED] [RESULT:OK]
[06.10.2010 - 10:59:54]:[QUERY: DATABASE CONNECTED] [RESULT:OK]
[06.10.2010 - 10:59:54]:[QUERY: SELECT depotID FROM depot WHERE customerID = '5'] [RESULT:OK]
[06.10.2010 - 10:59:54]:[QUERY: DATABASE CLOSED] [RESULT:NULL]
[06.10.2010 - 10:59:54]:[QUERY: DATABASE-OBJECT CREATED] [RESULT:OK]
[06.10.2010 - 10:59:54]:[QUERY: DATABASE CONNECTED] [RESULT:OK]
[06.10.2010 - 10:59:54]:[QUERY: SELECT depotID FROM depot WHERE customerID = '5'] [RESULT:OK]
[06.10.2010 - 10:59:54]:[QUERY: DATABASE CLOSED] [RESULT:NULL]
[06.10.2010 - 10:59:54]:[QUERY: DATABASE-OBJECT CREATED] [RESULT:OK]
[06.10.2010 - 10:59:54]:[QUERY: DATABASE CONNECTED] [RESULT:OK]
[06.10.2010 - 10:59:54]:[QUERY: SELECT depotID FROM depot WHERE customerID = '5'] [RESULT:OK]
[06.10.2010 - 10:59:54]:[QUERY: SELECT * FROM `sharetransfer` WHERE depotID = 2] [RESULT:OK]
[06.10.2010 - 10:59:54]:[QUERY: SELECT * FROM `share`] [RESULT:OK]
[06.10.2010 - 10:59:54]:[QUERY: DATABASE CLOSED] [RESULT:NULL]
[06.10.2010 - 10:59:58]:[QUERY: DATABASE-OBJECT CREATED] [RESULT:OK]
[06.10.2010 - 10:59:58]:[QUERY: DATABASE CONNECTED] [RESULT:OK]
[06.10.2010 - 10:59:58]:[QUERY: DATABASE CLOSED] [RESULT:NULL]
[06.10.2010 - 10:59:58]:[QUERY: DATABASE-OBJECT CREATED] [RESULT:OK]
[06.10.2010 - 10:59:58]:[QUERY: DATABASE CONNECTED] [RESULT:OK]
[06.10.2010 - 10:59:58]:[QUERY: SELECT depotID FROM depot WHERE customerID = '5'] [RESULT:OK]
[06.10.2010 - 10:59:58]:[QUERY: DATABASE CLOSED] [RESULT:NULL]
[06.10.2010 - 10:59:58]:[QUERY: DATABASE-OBJECT CREATED] [RESULT:OK]
[06.10.2010 - 10:59:58]:[QUERY: DATABASE CONNECTED] [RESULT:OK]
[06.10.2010 - 10:59:58]:[QUERY: SELECT depotID FROM depot WHERE customerID = '5'] [RESULT:OK]
[06.10.2010 - 10:59:58]:[QUERY: SELECT depotID, accountID FROM depot WHERE customerID = '5'] [RESULT:OK]
[06.10.2010 - 10:59:58]:[QUERY: SELECT * FROM account WHERE accountID = 3] [RESULT:OK]
[06.10.2010 - 10:59:58]:[QUERY: SELECT * FROM account WHERE accountTypeID = '1' and customerID = '5' and active = '1' and accountID != '3'] [RESULT:OK]
[06.10.2010 - 10:59:58]:[QUERY: DATABASE CLOSED] [RESULT:NULL]
[11.10.2010 - 10:34:06]:[QUERY: DATABASE-OBJECT CREATED] [RESULT:OK]
[11.10.2010 - 10:34:06]:[QUERY: DATABASE CONNECTED] [RESULT:OK]
[11.10.2010 - 10:34:06]:[QUERY: DATABASE CLOSED] [RESULT:NULL]
[11.10.2010 - 10:34:06]:[QUERY: DATABASE-OBJECT CREATED] [RESULT:OK]
[11.10.2010 - 10:34:06]:[QUERY: DATABASE CONNECTED] [RESULT:OK]
[11.10.2010 - 10:34:06]:[QUERY: DATABASE CLOSED] [RESULT:NULL]
[11.10.2010 - 10:34:06]:[QUERY: DATABASE-OBJECT CREATED] [RESULT:OK]
[11.10.2010 - 10:34:06]:[QUERY: DATABASE CONNECTED] [RESULT:OK]
[11.10.2010 - 10:34:06]:[QUERY: SELECT * FROM `share`] [RESULT:OK]
[11.10.2010 - 10:34:06]:[QUERY: DATABASE CLOSED] [RESULT:NULL]
[11.10.2010 - 10:34:16]:[QUERY: DATABASE-OBJECT CREATED] [RESULT:OK]
[11.10.2010 - 10:34:16]:[QUERY: DATABASE CONNECTED] [RESULT:OK]
[11.10.2010 - 10:34:17]:[QUERY: SELECT customerID,sexID,forename,name,company FROM customer WHERE username = 'Sissi' AND password = '4f260f160c2b049380d217d0035e5b16' AND activeID = '1'] [RESULT:OK]
[11.10.2010 - 10:34:17]:[QUERY: DATABASE CLOSED] [RESULT:NULL]
[11.10.2010 - 10:34:17]:[QUERY: DATABASE-OBJECT CREATED] [RESULT:OK]
[11.10.2010 - 10:34:17]:[QUERY: DATABASE CONNECTED] [RESULT:OK]
[11.10.2010 - 10:34:17]:[QUERY: DATABASE CLOSED] [RESULT:NULL]
[11.10.2010 - 10:34:17]:[QUERY: DATABASE-OBJECT CREATED] [RESULT:OK]
[11.10.2010 - 10:34:17]:[QUERY: DATABASE CONNECTED] [RESULT:OK]
[11.10.2010 - 10:34:17]:[QUERY: SELECT depotID FROM depot WHERE customerID = '5'] [RESULT:OK]
[11.10.2010 - 10:34:17]:[QUERY: DATABASE CLOSED] [RESULT:NULL]
[11.10.2010 - 10:34:17]:[QUERY: DATABASE-OBJECT CREATED] [RESULT:OK]
[11.10.2010 - 10:34:17]:[QUERY: DATABASE CONNECTED] [RESULT:OK]
[11.10.2010 - 10:34:17]:[QUERY: SELECT * FROM `share`] [RESULT:OK]
[11.10.2010 - 10:34:17]:[QUERY: DATABASE CLOSED] [RESULT:NULL]
[11.10.2010 - 10:34:18]:[QUERY: DATABASE-OBJECT CREATED] [RESULT:OK]
[11.10.2010 - 10:34:18]:[QUERY: DATABASE CONNECTED] [RESULT:OK]
[11.10.2010 - 10:34:18]:[QUERY: DATABASE CLOSED] [RESULT:NULL]
[11.10.2010 - 10:34:18]:[QUERY: DATABASE-OBJECT CREATED] [RESULT:OK]
[11.10.2010 - 10:34:18]:[QUERY: DATABASE CONNECTED] [RESULT:OK]
[11.10.2010 - 10:34:18]:[QUERY: SELECT depotID FROM depot WHERE customerID = '5'] [RESULT:OK]
[11.10.2010 - 10:34:18]:[QUERY: DATABASE CLOSED] [RESULT:NULL]
[11.10.2010 - 10:34:19]:[QUERY: DATABASE-OBJECT CREATED] [RESULT:OK]
[11.10.2010 - 10:34:19]:[QUERY: DATABASE CONNECTED] [RESULT:OK]
[11.10.2010 - 10:34:19]:[QUERY: SELECT depotID FROM depot WHERE customerID = '5'] [RESULT:OK]
[11.10.2010 - 10:34:19]:[QUERY: SELECT * FROM `share`] [RESULT:OK]
[11.10.2010 - 10:34:19]:[QUERY: SELECT * FROM `share`] [RESULT:OK]
[11.10.2010 - 10:34:19]:[QUERY: DATABASE CLOSED] [RESULT:NULL]
[11.10.2010 - 10:40:03]:[QUERY: DATABASE-OBJECT CREATED] [RESULT:OK]
[11.10.2010 - 10:40:03]:[QUERY: DATABASE CONNECTED] [RESULT:OK]
[11.10.2010 - 10:40:03]:[QUERY: DATABASE CLOSED] [RESULT:NULL]
[11.10.2010 - 10:40:03]:[QUERY: DATABASE-OBJECT CREATED] [RESULT:OK]
[11.10.2010 - 10:40:03]:[QUERY: DATABASE CONNECTED] [RESULT:OK]
[11.10.2010 - 10:40:03]:[QUERY: SELECT depotID FROM depot WHERE customerID = '5'] [RESULT:OK]
[11.10.2010 - 10:40:03]:[QUERY: DATABASE CLOSED] [RESULT:NULL]
[11.10.2010 - 10:40:03]:[QUERY: DATABASE-OBJECT CREATED] [RESULT:OK]
[11.10.2010 - 10:40:03]:[QUERY: DATABASE CONNECTED] [RESULT:OK]
[11.10.2010 - 10:40:03]:[QUERY: SELECT depotID FROM depot WHERE customerID = '5'] [RESULT:OK]
[11.10.2010 - 10:40:03]:[QUERY: SELECT * FROM `share`] [RESULT:OK]
[11.10.2010 - 10:40:03]:[QUERY: SELECT * FROM `share`] [RESULT:OK]
[11.10.2010 - 10:40:03]:[QUERY: DATABASE CLOSED] [RESULT:NULL]
[11.10.2010 - 10:46:42]:[QUERY: DATABASE-OBJECT CREATED] [RESULT:OK]
[11.10.2010 - 10:46:42]:[QUERY: DATABASE CONNECTED] [RESULT:OK]
[11.10.2010 - 10:46:42]:[QUERY: SELECT * FROM depot WHERE customerID = '5'] [RESULT:OK]
[11.10.2010 - 10:46:42]:[QUERY: select a.*, t.name as accountType, t.interestRate from account a, c_accountType t WHERE a.accountID = 3 AND a.accountTypeID = t.accountTypeID ] [RESULT:NULL]
[11.10.2010 - 10:46:42]:[QUERY: SELECT * FROM sharebuy WHERE depotID = '2'] [RESULT:OK]
[11.10.2010 - 10:46:42]:[QUERY: DATABASE CLOSED] [RESULT:NULL]
[11.10.2010 - 10:47:33]:[QUERY: DATABASE-OBJECT CREATED] [RESULT:OK]
[11.10.2010 - 10:47:33]:[QUERY: DATABASE CONNECTED] [RESULT:OK]
[11.10.2010 - 10:47:33]:[QUERY: DATABASE CLOSED] [RESULT:NULL]
[11.10.2010 - 10:47:33]:[QUERY: DATABASE-OBJECT CREATED] [RESULT:OK]
[11.10.2010 - 10:47:33]:[QUERY: DATABASE CONNECTED] [RESULT:OK]
[11.10.2010 - 10:47:33]:[QUERY: SELECT depotID FROM depot WHERE customerID = '5'] [RESULT:OK]
[11.10.2010 - 10:47:33]:[QUERY: DATABASE CLOSED] [RESULT:NULL]
[11.10.2010 - 10:47:33]:[QUERY: DATABASE-OBJECT CREATED] [RESULT:OK]
[11.10.2010 - 10:47:33]:[QUERY: DATABASE CONNECTED] [RESULT:OK]
[11.10.2010 - 10:47:33]:[QUERY: SELECT depotID FROM depot WHERE customerID = '5'] [RESULT:OK]
[11.10.2010 - 10:47:33]:[QUERY: SELECT * FROM `share`] [RESULT:OK]
[11.10.2010 - 10:47:33]:[QUERY: SELECT * FROM `share`] [RESULT:OK]
[11.10.2010 - 10:47:33]:[QUERY: DATABASE CLOSED] [RESULT:NULL]
[11.10.2010 - 10:47:49]:[QUERY: DATABASE-OBJECT CREATED] [RESULT:OK]
[11.10.2010 - 10:47:49]:[QUERY: DATABASE CONNECTED] [RESULT:OK]
[11.10.2010 - 10:47:49]:[QUERY: DATABASE CLOSED] [RESULT:NULL]
[11.10.2010 - 10:47:49]:[QUERY: DATABASE-OBJECT CREATED] [RESULT:OK]
[11.10.2010 - 10:47:49]:[QUERY: DATABASE CONNECTED] [RESULT:OK]
[11.10.2010 - 10:47:49]:[QUERY: SELECT depotID FROM depot WHERE customerID = '5'] [RESULT:OK]
[11.10.2010 - 10:47:49]:[QUERY: DATABASE CLOSED] [RESULT:NULL]
[11.10.2010 - 10:47:49]:[QUERY: DATABASE-OBJECT CREATED] [RESULT:OK]
[11.10.2010 - 10:47:49]:[QUERY: DATABASE CONNECTED] [RESULT:OK]
[11.10.2010 - 10:47:49]:[QUERY: SELECT depotID FROM depot WHERE customerID = '5'] [RESULT:OK]
[11.10.2010 - 10:47:49]:[QUERY: DATABASE CLOSED] [RESULT:NULL]
[11.10.2010 - 10:47:49]:[QUERY: DATABASE-OBJECT CREATED] [RESULT:OK]
[11.10.2010 - 10:47:49]:[QUERY: DATABASE CONNECTED] [RESULT:OK]
[11.10.2010 - 10:47:49]:[QUERY: SELECT depotID FROM depot WHERE customerID = '5'] [RESULT:OK]
[11.10.2010 - 10:47:49]:[QUERY: SELECT * FROM sharebuy WHERE depotID = 2] [RESULT:OK]
[11.10.2010 - 10:47:49]:[QUERY: DATABASE-OBJECT CREATED] [RESULT:OK]
[11.10.2010 - 10:47:49]:[QUERY: DATABASE CONNECTED] [RESULT:OK]
[11.10.2010 - 10:47:49]:[QUERY: SELECT depotID FROM depot WHERE customerID = '5'] [RESULT:OK]
[11.10.2010 - 10:47:49]:[QUERY: SELECT * FROM sharesell WHERE depotID = 2] [RESULT:OK]
[11.10.2010 - 10:47:49]:[QUERY: SELECT * FROM `share`] [RESULT:OK]
[11.10.2010 - 10:47:53]:[QUERY: DATABASE-OBJECT CREATED] [RESULT:OK]
[11.10.2010 - 10:47:53]:[QUERY: DATABASE CONNECTED] [RESULT:OK]
[11.10.2010 - 10:47:53]:[QUERY: DATABASE CLOSED] [RESULT:NULL]
[11.10.2010 - 10:47:53]:[QUERY: DATABASE-OBJECT CREATED] [RESULT:OK]
[11.10.2010 - 10:47:53]:[QUERY: DATABASE CONNECTED] [RESULT:OK]
[11.10.2010 - 10:47:53]:[QUERY: SELECT depotID FROM depot WHERE customerID = '5'] [RESULT:OK]
[11.10.2010 - 10:47:53]:[QUERY: DATABASE CLOSED] [RESULT:NULL]
[11.10.2010 - 10:47:53]:[QUERY: DATABASE-OBJECT CREATED] [RESULT:OK]
[11.10.2010 - 10:47:53]:[QUERY: DATABASE CONNECTED] [RESULT:OK]
[11.10.2010 - 10:47:53]:[QUERY: SELECT depotID FROM depot WHERE customerID = '5'] [RESULT:OK]
[11.10.2010 - 10:47:53]:[QUERY: SELECT * FROM `share`] [RESULT:OK]
[11.10.2010 - 10:47:53]:[QUERY: SELECT * FROM `share`] [RESULT:OK]
[11.10.2010 - 10:47:53]:[QUERY: DATABASE CLOSED] [RESULT:NULL]
[11.10.2010 - 10:47:55]:[QUERY: DATABASE-OBJECT CREATED] [RESULT:OK]
[11.10.2010 - 10:47:55]:[QUERY: DATABASE CONNECTED] [RESULT:OK]
[11.10.2010 - 10:47:55]:[QUERY: SELECT * FROM depot WHERE customerID = '5'] [RESULT:OK]
[11.10.2010 - 10:47:55]:[QUERY: select a.*, t.name as accountType, t.interestRate from account a, c_accountType t WHERE a.accountID = 3 AND a.accountTypeID = t.accountTypeID ] [RESULT:NULL]
[11.10.2010 - 10:47:55]:[QUERY: SELECT * FROM sharebuy WHERE depotID = '2'] [RESULT:OK]
[11.10.2010 - 10:47:55]:[QUERY: DATABASE CLOSED] [RESULT:NULL]
[11.10.2010 - 10:50:28]:[QUERY: DATABASE-OBJECT CREATED] [RESULT:OK]
[11.10.2010 - 10:50:28]:[QUERY: DATABASE CONNECTED] [RESULT:OK]
[11.10.2010 - 10:50:28]:[QUERY: DATABASE CLOSED] [RESULT:NULL]
[11.10.2010 - 10:50:28]:[QUERY: DATABASE-OBJECT CREATED] [RESULT:OK]
[11.10.2010 - 10:50:28]:[QUERY: DATABASE CONNECTED] [RESULT:OK]
[11.10.2010 - 10:50:28]:[QUERY: SELECT depotID FROM depot WHERE customerID = '5'] [RESULT:OK]
[11.10.2010 - 10:50:28]:[QUERY: DATABASE CLOSED] [RESULT:NULL]
[11.10.2010 - 10:50:28]:[QUERY: DATABASE-OBJECT CREATED] [RESULT:OK]
[11.10.2010 - 10:50:28]:[QUERY: DATABASE CONNECTED] [RESULT:OK]
[11.10.2010 - 10:50:28]:[QUERY: DATABASE-OBJECT CREATED] [RESULT:OK]
[11.10.2010 - 10:50:28]:[QUERY: DATABASE CONNECTED] [RESULT:OK]
[11.10.2010 - 10:50:28]:[QUERY: SELECT * FROM `share`] [RESULT:OK]
[11.10.2010 - 10:50:28]:[QUERY: SELECT depotID FROM depot WHERE customerID = '5'] [RESULT:OK]
[11.10.2010 - 10:50:28]:[QUERY: SELECT * FROM sharesell WHERE depotID = 2] [RESULT:OK]
[11.10.2010 - 10:50:28]:[QUERY: DATABASE-OBJECT CREATED] [RESULT:OK]
[11.10.2010 - 10:50:28]:[QUERY: DATABASE CONNECTED] [RESULT:OK]
[11.10.2010 - 10:50:28]:[QUERY: SELECT depotID FROM depot WHERE customerID = '5'] [RESULT:OK]
[11.10.2010 - 10:50:28]:[QUERY: SELECT * FROM `sharetransfer` WHERE depotID = 2] [RESULT:OK]
[11.10.2010 - 10:50:28]:[QUERY: SELECT * FROM `share`] [RESULT:OK]
[11.10.2010 - 10:50:28]:[QUERY: DATABASE CLOSED] [RESULT:NULL]
[11.10.2010 - 10:51:58]:[QUERY: DATABASE-OBJECT CREATED] [RESULT:OK]
[11.10.2010 - 10:51:58]:[QUERY: DATABASE CONNECTED] [RESULT:OK]
[11.10.2010 - 10:51:58]:[QUERY: DATABASE CLOSED] [RESULT:NULL]
[11.10.2010 - 10:51:58]:[QUERY: DATABASE-OBJECT CREATED] [RESULT:OK]
[11.10.2010 - 10:51:58]:[QUERY: DATABASE CONNECTED] [RESULT:OK]
[11.10.2010 - 10:51:58]:[QUERY: SELECT depotID FROM depot WHERE customerID = '5'] [RESULT:OK]
[11.10.2010 - 10:51:58]:[QUERY: DATABASE CLOSED] [RESULT:NULL]
[11.10.2010 - 10:51:58]:[QUERY: DATABASE-OBJECT CREATED] [RESULT:OK]
[11.10.2010 - 10:51:58]:[QUERY: DATABASE CONNECTED] [RESULT:OK]
[11.10.2010 - 10:51:58]:[QUERY: DATABASE-OBJECT CREATED] [RESULT:OK]
[11.10.2010 - 10:51:58]:[QUERY: DATABASE CONNECTED] [RESULT:OK]
[11.10.2010 - 10:51:58]:[QUERY: SELECT * FROM `share`] [RESULT:OK]
[11.10.2010 - 10:51:58]:[QUERY: SELECT depotID FROM depot WHERE customerID = '5'] [RESULT:OK]
[11.10.2010 - 10:51:58]:[QUERY: SELECT * FROM sharesell WHERE depotID = 2] [RESULT:OK]
[11.10.2010 - 10:51:58]:[QUERY: SELECT depotID FROM depot WHERE customerID = '5'] [RESULT:OK]
[11.10.2010 - 10:51:58]:[QUERY: SELECT * FROM `sharetransfer` WHERE depotID = 2] [RESULT:OK]
[11.10.2010 - 10:51:58]:[QUERY: SELECT * FROM `share`] [RESULT:OK]
[11.10.2010 - 10:51:58]:[QUERY: SELECT depotID FROM depot WHERE customerID = '5'] [RESULT:OK]
[11.10.2010 - 10:51:58]:[QUERY: SELECT * FROM `sharetransfer` WHERE depotID = 2] [RESULT:OK]
[11.10.2010 - 10:51:58]:[QUERY: SELECT depotID FROM depot WHERE customerID = '5'] [RESULT:OK]
[11.10.2010 - 10:51:58]:[QUERY: SELECT SUM(AMOUNT) sum FROM sharesell WHERE depotID = 2 AND WKN = '500340'] [RESULT:OK]
[11.10.2010 - 10:51:58]:[QUERY: SELECT depotID FROM depot WHERE customerID = '5'] [RESULT:OK]
[11.10.2010 - 10:51:58]:[QUERY: SELECT * FROM `sharetransfer` WHERE depotID = 2] [RESULT:OK]
[11.10.2010 - 10:51:58]:[QUERY: SELECT depotID FROM depot WHERE customerID = '5'] [RESULT:OK]
[11.10.2010 - 10:51:58]:[QUERY: SELECT SUM(AMOUNT) sum FROM sharesell WHERE depotID = 2 AND WKN = '500340'] [RESULT:OK]
[11.10.2010 - 10:52:37]:[QUERY: DATABASE-OBJECT CREATED] [RESULT:OK]
[11.10.2010 - 10:52:37]:[QUERY: DATABASE CONNECTED] [RESULT:OK]
[11.10.2010 - 10:52:37]:[QUERY: DATABASE CLOSED] [RESULT:NULL]
[11.10.2010 - 10:52:37]:[QUERY: DATABASE-OBJECT CREATED] [RESULT:OK]
[11.10.2010 - 10:52:37]:[QUERY: DATABASE CONNECTED] [RESULT:OK]
[11.10.2010 - 10:52:37]:[QUERY: SELECT depotID FROM depot WHERE customerID = '5'] [RESULT:OK]
[11.10.2010 - 10:52:37]:[QUERY: DATABASE CLOSED] [RESULT:NULL]
[11.10.2010 - 10:52:37]:[QUERY: DATABASE-OBJECT CREATED] [RESULT:OK]
[11.10.2010 - 10:52:37]:[QUERY: DATABASE CONNECTED] [RESULT:OK]
[11.10.2010 - 10:52:37]:[QUERY: DATABASE-OBJECT CREATED] [RESULT:OK]
[11.10.2010 - 10:52:37]:[QUERY: DATABASE CONNECTED] [RESULT:OK]
[11.10.2010 - 10:52:37]:[QUERY: SELECT depotID, accountID FROM depot WHERE customerID = '5'] [RESULT:OK]
[11.10.2010 - 10:52:37]:[QUERY: SELECT * FROM account WHERE customerID = '5'] [RESULT:OK]
[11.10.2010 - 10:52:37]:[QUERY: SELECT bankID FROM bank WHERE code = '99999999'] [RESULT:OK]
[11.10.2010 - 10:52:37]:[QUERY: DATABASE CLOSED] [RESULT:NULL]
[11.10.2010 - 10:52:37]:[QUERY: DATABASE-OBJECT CREATED] [RESULT:OK]
[11.10.2010 - 10:52:37]:[QUERY: DATABASE CONNECTED] [RESULT:OK]
[11.10.2010 - 10:52:37]:[QUERY: SELECT * FROM `share`] [RESULT:OK]
[11.10.2010 - 10:52:37]:[QUERY: DATABASE-OBJECT CREATED] [RESULT:OK]
[11.10.2010 - 10:52:37]:[QUERY: DATABASE CONNECTED] [RESULT:OK]
[11.10.2010 - 10:52:37]:[QUERY: SELECT depotID, accountID FROM depot WHERE customerID = '5'] [RESULT:OK]
[11.10.2010 - 10:52:37]:[QUERY: SELECT * FROM account WHERE customerID = '5'] [RESULT:OK]
[11.10.2010 - 10:52:37]:[QUERY: SELECT bankID FROM bank WHERE code = '99999999'] [RESULT:OK]
[11.10.2010 - 10:52:37]:[QUERY: DATABASE CLOSED] [RESULT:NULL]
[11.10.2010 - 10:52:37]:[QUERY: DATABASE-OBJECT CREATED] [RESULT:OK]
[11.10.2010 - 10:52:37]:[QUERY: DATABASE CONNECTED] [RESULT:OK]
[11.10.2010 - 10:52:37]:[QUERY: INSERT INTO sharesell (WKN, bankID, depotID, amount, price, date) VALUES ('500340', '99999999', '2', '1', '5', '')] [RESULT:OK]
[11.10.2010 - 10:52:37]:[QUERY: DATABASE CLOSED] [RESULT:NULL]
[11.10.2010 - 10:52:37]:[QUERY: DATABASE-OBJECT CREATED] [RESULT:OK]
[11.10.2010 - 10:52:37]:[QUERY: DATABASE CONNECTED] [RESULT:OK]
[11.10.2010 - 10:52:37]:[QUERY: SELECT * FROM `share`] [RESULT:OK]
[11.10.2010 - 10:52:37]:[QUERY: SELECT depotID FROM depot WHERE customerID = '5'] [RESULT:OK]
[11.10.2010 - 10:52:37]:[QUERY: SELECT * FROM sharesell WHERE depotID = 2] [RESULT:OK]
[11.10.2010 - 10:52:37]:[QUERY: SELECT depotID FROM depot WHERE customerID = '5'] [RESULT:OK]
[11.10.2010 - 10:52:37]:[QUERY: SELECT * FROM `sharetransfer` WHERE depotID = 2] [RESULT:OK]
[11.10.2010 - 10:52:37]:[QUERY: SELECT * FROM `share`] [RESULT:OK]
[11.10.2010 - 10:52:37]:[QUERY: SELECT depotID FROM depot WHERE customerID = '5'] [RESULT:OK]
[11.10.2010 - 10:52:37]:[QUERY: SELECT * FROM `sharetransfer` WHERE depotID = 2] [RESULT:OK]
[11.10.2010 - 10:52:37]:[QUERY: SELECT depotID FROM depot WHERE customerID = '5'] [RESULT:OK]
[11.10.2010 - 10:52:37]:[QUERY: SELECT SUM(AMOUNT) sum FROM sharesell WHERE depotID = 2 AND WKN = '500340'] [RESULT:OK]
[11.10.2010 - 10:52:37]:[QUERY: SELECT depotID FROM depot WHERE customerID = '5'] [RESULT:OK]
[11.10.2010 - 10:52:37]:[QUERY: SELECT * FROM `sharetransfer` WHERE depotID = 2] [RESULT:OK]
[11.10.2010 - 10:52:37]:[QUERY: SELECT depotID FROM depot WHERE customerID = '5'] [RESULT:OK]
[11.10.2010 - 10:52:37]:[QUERY: SELECT SUM(AMOUNT) sum FROM sharesell WHERE depotID = 2 AND WKN = '500340'] [RESULT:OK]
[11.10.2010 - 10:52:40]:[QUERY: DATABASE-OBJECT CREATED] [RESULT:OK]
[11.10.2010 - 10:52:40]:[QUERY: DATABASE CONNECTED] [RESULT:OK]
[11.10.2010 - 10:52:40]:[QUERY: DATABASE CLOSED] [RESULT:NULL]
[11.10.2010 - 10:52:40]:[QUERY: DATABASE-OBJECT CREATED] [RESULT:OK]
[11.10.2010 - 10:52:40]:[QUERY: DATABASE CONNECTED] [RESULT:OK]
[11.10.2010 - 10:52:40]:[QUERY: SELECT depotID FROM depot WHERE customerID = '5'] [RESULT:OK]
[11.10.2010 - 10:52:40]:[QUERY: DATABASE CLOSED] [RESULT:NULL]
[11.10.2010 - 10:52:40]:[QUERY: DATABASE-OBJECT CREATED] [RESULT:OK]
[11.10.2010 - 10:52:40]:[QUERY: DATABASE CONNECTED] [RESULT:OK]
[11.10.2010 - 10:52:40]:[QUERY: SELECT depotID FROM depot WHERE customerID = '5'] [RESULT:OK]
[11.10.2010 - 10:52:40]:[QUERY: DATABASE CLOSED] [RESULT:NULL]
[11.10.2010 - 10:52:40]:[QUERY: DATABASE-OBJECT CREATED] [RESULT:OK]
[11.10.2010 - 10:52:40]:[QUERY: DATABASE CONNECTED] [RESULT:OK]
[11.10.2010 - 10:52:40]:[QUERY: SELECT depotID FROM depot WHERE customerID = '5'] [RESULT:OK]
[11.10.2010 - 10:52:40]:[QUERY: SELECT * FROM sharebuy WHERE depotID = 2] [RESULT:OK]
[11.10.2010 - 10:52:40]:[QUERY: DATABASE-OBJECT CREATED] [RESULT:OK]
[11.10.2010 - 10:52:40]:[QUERY: DATABASE CONNECTED] [RESULT:OK]
[11.10.2010 - 10:52:40]:[QUERY: SELECT depotID FROM depot WHERE customerID = '5'] [RESULT:OK]
[11.10.2010 - 10:52:40]:[QUERY: SELECT * FROM sharesell WHERE depotID = 2] [RESULT:OK]
[11.10.2010 - 10:52:40]:[QUERY: SELECT * FROM `share`] [RESULT:OK]
